<?xml version="1.0" encoding="UTF-8"?>
<testng-results skipped="0" failed="0" ignored="0" total="1" passed="1">
  <reporter-output>
  </reporter-output>
  <suite name="Default suite" duration-ms="20846" started-at="2020-07-12T01:43:12 IST" finished-at="2020-07-12T01:43:33 IST">
    <groups>
    </groups>
    <test name="Default test" duration-ms="20846" started-at="2020-07-12T01:43:12 IST" finished-at="2020-07-12T01:43:33 IST">
      <class name="com.javatestcases.HomePageTestCase">
        <test-method status="PASS" signature="callMethod()[pri:0, instance:com.javatestcases.HomePageTestCase@e320068]" name="callMethod" is-config="true" duration-ms="18232" started-at="2020-07-12T01:43:12 IST" finished-at="2020-07-12T01:43:30 IST">
          <reporter-output>
          </reporter-output>
        </test-method> <!-- callMethod -->
        <test-method status="PASS" signature="checkHomePage()[pri:1, instance:com.javatestcases.HomePageTestCase@e320068]" name="checkHomePage" duration-ms="2426" started-at="2020-07-12T01:43:30 IST" finished-at="2020-07-12T01:43:33 IST">
          <reporter-output>
          </reporter-output>
        </test-method> <!-- checkHomePage -->
      </class> <!-- com.javatestcases.HomePageTestCase -->
    </test> <!-- Default test -->
  </suite> <!-- Default suite -->
</testng-results>
